{"timestamp": "2026-03-17T02:23:52.511308", "level": "INFO", "message": "Starting event scraping (parallel mode)...", "logger": "EnvisionPerdido", "taskName": null}
{"timestamp": "2026-03-17T02:23:52.511496", "level": "INFO", "message": "Running 2 scraping tasks in parallel...", "logger": "EnvisionPerdido", "taskName": null}
{"timestamp": "2026-03-17T02:23:52.512050", "level": "INFO", "message": "  [1/2] perdido completed: 1 events in 0.0s elapsed", "logger": "EnvisionPerdido", "taskName": null}
{"timestamp": "2026-03-17T02:23:52.512263", "level": "INFO", "message": "  [2/2] perdido completed: 1 events in 0.0s elapsed", "logger": "EnvisionPerdido", "taskName": null}
{"timestamp": "2026-03-17T02:23:52.512459", "level": "INFO", "message": "Total events scraped: 2 from all sources in 0.0s", "logger": "EnvisionPerdido", "taskName": null}
{"timestamp": "2026-03-17T02:23:52.562961", "level": "INFO", "message": "Starting event scraping (parallel mode)...", "logger": "EnvisionPerdido", "taskName": null}
{"timestamp": "2026-03-17T02:23:52.563141", "level": "INFO", "message": "Running 3 scraping tasks in parallel...", "logger": "EnvisionPerdido", "taskName": null}
{"timestamp": "2026-03-17T02:23:52.563699", "level": "INFO", "message": "  [1/3] perdido completed: 0 events in 0.0s elapsed", "logger": "EnvisionPerdido", "taskName": null}
{"timestamp": "2026-03-17T02:23:52.563798", "level": "INFO", "message": "  [2/3] wren_haven completed: 1 events in 0.0s elapsed", "logger": "EnvisionPerdido", "taskName": null}
{"timestamp": "2026-03-17T02:23:52.563919", "level": "INFO", "message": "  [3/3] perdido completed: 0 events in 0.0s elapsed", "logger": "EnvisionPerdido", "taskName": null}
{"timestamp": "2026-03-17T02:23:52.564110", "level": "INFO", "message": "Total events scraped: 1 from all sources in 0.0s", "logger": "EnvisionPerdido", "taskName": null}
{"timestamp": "2026-03-17T02:23:52.564219", "level": "INFO", "message": "Encountered 2 scraper error(s)", "logger": "EnvisionPerdido", "taskName": null}
{"timestamp": "2026-03-17T02:23:52.565006", "level": "INFO", "message": "Starting event scraping (parallel mode)...", "logger": "EnvisionPerdido", "taskName": null}
{"timestamp": "2026-03-17T02:23:52.565140", "level": "INFO", "message": "Running 2 scraping tasks in parallel...", "logger": "EnvisionPerdido", "taskName": null}
{"timestamp": "2026-03-17T02:23:52.565477", "level": "INFO", "message": "  [1/2] perdido completed: 1 events in 0.0s elapsed", "logger": "EnvisionPerdido", "taskName": null}
{"timestamp": "2026-03-17T02:23:52.565645", "level": "INFO", "message": "  [2/2] perdido completed: 1 events in 0.0s elapsed", "logger": "EnvisionPerdido", "taskName": null}
{"timestamp": "2026-03-17T02:23:52.565801", "level": "INFO", "message": "Total events scraped: 2 from all sources in 0.0s", "logger": "EnvisionPerdido", "taskName": null}
{"timestamp": "2026-03-17T02:23:52.566172", "level": "INFO", "message": "Starting event scraping (parallel mode)...", "logger": "EnvisionPerdido", "taskName": null}
{"timestamp": "2026-03-17T02:23:52.566315", "level": "INFO", "message": "Running 2 scraping tasks in parallel...", "logger": "EnvisionPerdido", "taskName": null}
{"timestamp": "2026-03-17T02:23:52.566602", "level": "INFO", "message": "  [1/2] perdido completed: 0 events in 0.0s elapsed", "logger": "EnvisionPerdido", "taskName": null}
{"timestamp": "2026-03-17T02:23:52.566770", "level": "INFO", "message": "  [2/2] perdido completed: 0 events in 0.0s elapsed", "logger": "EnvisionPerdido", "taskName": null}
{"timestamp": "2026-03-17T02:23:52.566919", "level": "INFO", "message": "Total events scraped: 0 from all sources in 0.0s", "logger": "EnvisionPerdido", "taskName": null}
{"timestamp": "2026-03-17T02:23:52.567031", "level": "INFO", "message": "Encountered 2 scraper error(s)", "logger": "EnvisionPerdido", "taskName": null}
